build/app/outputs/logs/manifest-merger-release-report.txt
-- Merging decision tree log ---
provider#vn.hunghd.flutterdownloader.DownloadedFileProvider
INJECTED from src\main\AndroidManifest.xml:35:9-43:20
	android:grantUriPermissions
		ADDED from src\main\AndroidManifest.xml:39:13-47
	android:authorities
		INJECTED from src\main\AndroidManifest.xml
		ADDED from src\main\AndroidManifest.xml:37:13-79
	android:exported
		ADDED from src\main\AndroidManifest.xml:38:13-37
	android:name
		ADDED from src\main\AndroidManifest.xml:36:13-78
provider#androidx.work.impl.WorkManagerInitializer
INJECTED from src\main\AndroidManifest.xml:44:9-48:40
MERGED from [androidx.work:work-runtime:2.1.0] AndroidManifest.xml:30:9-36:35
MERGED from [androidx.work:work-runtime:2.1.0] AndroidManifest.xml:30:9-36:35
	android:enabled
		ADDED from src\main\AndroidManifest.xml:47:13-36
	android:authorities
		INJECTED from src\main\AndroidManifest.xml
		ADDED from src\main\AndroidManifest.xml:46:13-68
	android:multiprocess
		ADDED from [androidx.work:work-runtime:2.1.0] AndroidManifest.xml:35:13-40
	android:exported
		ADDED from src\main\AndroidManifest.xml:48:13-37
	tools:targetApi
		ADDED from [androidx.work:work-runtime:2.1.0] AndroidManifest.xml:36:13-32
	android:directBootAware
		ADDED from [androidx.work:work-runtime:2.1.0] AndroidManifest.xml:33:13-44
	android:name
		ADDED from src\main\AndroidManifest.xml:45:13-69
provider#vn.hunghd.flutterdownloader.FlutterDownloaderInitializer
INJECTED from src\main\AndroidManifest.xml:50:9-57:20
	android:authorities
		INJECTED from src\main\AndroidManifest.xml
		ADDED from src\main\AndroidManifest.xml:52:13-75
	android:exported
		ADDED from src\main\AndroidManifest.xml:53:13-37
	android:name
		ADDED from src\main\AndroidManifest.xml:51:13-84
manifest
ADDED from src\main\AndroidManifest.xml:1:1-59:12
INJECTED from src\main\AndroidManifest.xml:1:1-59:12
INJECTED from src\main\AndroidManifest.xml:1:1-59:12
INJECTED from src\main\AndroidManifest.xml:1:1-59:12
MERGED from [:flutter_downloader] AndroidManifest.xml:2:1-7:12
MERGED from [:permission_handler] AndroidManifest.xml:2:1-7:12
MERGED from [:path_provider] AndroidManifest.xml:2:1-7:12
MERGED from [:flutter_pdfview] AndroidManifest.xml:2:1-7:12
MERGED from [androidx.work:work-runtime:2.1.0] AndroidManifest.xml:17:1-125:12
MERGED from [com.github.barteksc:android-pdf-viewer:3.1.0-beta.1] AndroidManifest.xml:2:1-11:12
MERGED from [com.github.barteksc:pdfium-android:1.9.0] AndroidManifest.xml:2:1-11:12
MERGED from [androidx.legacy:legacy-support-v4:1.0.0-rc01] AndroidManifest.xml:17:1-22:12
MERGED from [androidx.fragment:fragment:1.1.0] AndroidManifest.xml:17:1-24:12
MERGED from [androidx.room:room-runtime:2.1.0] AndroidManifest.xml:17:1-30:12
MERGED from [androidx.legacy:legacy-support-core-ui:1.0.0-rc01] AndroidManifest.xml:17:1-22:12
MERGED from [androidx.viewpager:viewpager:1.0.0] AndroidManifest.xml:17:1-22:12
MERGED from [androidx.legacy:legacy-support-core-utils:1.0.0-rc01] AndroidManifest.xml:17:1-22:12
MERGED from [androidx.loader:loader:1.0.0] AndroidManifest.xml:17:1-22:12
MERGED from [androidx.activity:activity:1.0.0] AndroidManifest.xml:17:1-24:12
MERGED from [androidx.coordinatorlayout:coordinatorlayout:1.0.0-rc01] AndroidManifest.xml:17:1-22:12
MERGED from [androidx.drawerlayout:drawerlayout:1.0.0-rc01] AndroidManifest.xml:17:1-22:12
MERGED from [androidx.slidingpanelayout:slidingpanelayout:1.0.0-rc01] AndroidManifest.xml:17:1-22:12
MERGED from [androidx.customview:customview:1.0.0] AndroidManifest.xml:17:1-22:12
MERGED from [androidx.media:media:1.0.0-rc01] AndroidManifest.xml:17:1-22:12
MERGED from [androidx.swiperefreshlayout:swiperefreshlayout:1.0.0-rc01] AndroidManifest.xml:17:1-22:12
MERGED from [androidx.asynclayoutinflater:asynclayoutinflater:1.0.0-rc01] AndroidManifest.xml:17:1-22:12
MERGED from [androidx.core:core:1.1.0] AndroidManifest.xml:17:1-26:12
MERGED from [androidx.localbroadcastmanager:localbroadcastmanager:1.0.0] AndroidManifest.xml:17:1-22:12
MERGED from [androidx.versionedparcelable:versionedparcelable:1.1.0] AndroidManifest.xml:17:1-27:12
MERGED from [androidx.lifecycle:lifecycle-livedata:2.0.0] AndroidManifest.xml:17:1-22:12
MERGED from [androidx.lifecycle:lifecycle-livedata-core:2.0.0] AndroidManifest.xml:17:1-22:12
MERGED from [androidx.arch.core:core-runtime:2.0.1] AndroidManifest.xml:17:1-22:12
MERGED from [androidx.sqlite:sqlite-framework:2.0.1] AndroidManifest.xml:17:1-22:12
MERGED from [androidx.sqlite:sqlite:2.0.1] AndroidManifest.xml:17:1-22:12
MERGED from [androidx.lifecycle:lifecycle-service:2.0.0] AndroidManifest.xml:17:1-22:12
MERGED from [androidx.lifecycle:lifecycle-runtime:2.1.0] AndroidManifest.xml:17:1-22:12
MERGED from [androidx.lifecycle:lifecycle-viewmodel:2.1.0] AndroidManifest.xml:17:1-22:12
MERGED from [androidx.savedstate:savedstate:1.0.0] AndroidManifest.xml:17:1-24:12
MERGED from [androidx.documentfile:documentfile:1.0.0-rc01] AndroidManifest.xml:17:1-22:12
MERGED from [androidx.print:print:1.0.0-rc01] AndroidManifest.xml:17:1-22:12
MERGED from [androidx.interpolator:interpolator:1.0.0-rc01] AndroidManifest.xml:17:1-22:12
MERGED from [androidx.cursoradapter:cursoradapter:1.0.0-rc01] AndroidManifest.xml:17:1-22:12
INJECTED from src\main\AndroidManifest.xml:1:1-59:12
INJECTED from src\main\AndroidManifest.xml:1:1-59:12
INJECTED from src\main\AndroidManifest.xml:1:1-59:12
	package
		ADDED from src\main\AndroidManifest.xml:2:5-38
		INJECTED from src\main\AndroidManifest.xml
		INJECTED from src\main\AndroidManifest.xml
	android:versionName
		INJECTED from src\main\AndroidManifest.xml
		ADDED from src\main\AndroidManifest.xml:1:1-59:12
		INJECTED from src\main\AndroidManifest.xml
	android:versionCode
		INJECTED from src\main\AndroidManifest.xml
		ADDED from src\main\AndroidManifest.xml:1:1-59:12
		INJECTED from src\main\AndroidManifest.xml
	xmlns:android
		ADDED from src\main\AndroidManifest.xml:1:11-69
uses-permission#android.permission.INTERNET
ADDED from src\main\AndroidManifest.xml:9:5-66
	android:name
		ADDED from src\main\AndroidManifest.xml:9:22-64
uses-permission#android.permission.READ_EXTERNAL_STORAGE
ADDED from src\main\AndroidManifest.xml:10:5-79
	android:name
		ADDED from src\main\AndroidManifest.xml:10:22-77
uses-permission#android.permission.WRITE_EXTERNAL_STORAGE
ADDED from src\main\AndroidManifest.xml:11:5-80
	android:name
		ADDED from src\main\AndroidManifest.xml:11:22-78
application
ADDED from src\main\AndroidManifest.xml:12:5-58:19
MERGED from [androidx.work:work-runtime:2.1.0] AndroidManifest.xml:29:5-123:19
MERGED from [androidx.work:work-runtime:2.1.0] AndroidManifest.xml:29:5-123:19
MERGED from [androidx.room:room-runtime:2.1.0] AndroidManifest.xml:24:5-28:19
MERGED from [androidx.room:room-runtime:2.1.0] AndroidManifest.xml:24:5-28:19
MERGED from [androidx.core:core:1.1.0] AndroidManifest.xml:24:5-89
MERGED from [androidx.core:core:1.1.0] AndroidManifest.xml:24:5-89
MERGED from [androidx.versionedparcelable:versionedparcelable:1.1.0] AndroidManifest.xml:24:5-25:19
MERGED from [androidx.versionedparcelable:versionedparcelable:1.1.0] AndroidManifest.xml:24:5-25:19
	android:appComponentFactory
		ADDED from [androidx.core:core:1.1.0] AndroidManifest.xml:24:18-86
	android:label
		ADDED from src\main\AndroidManifest.xml:14:9-36
	android:icon
		ADDED from src\main\AndroidManifest.xml:15:9-43
	android:name
		ADDED from src\main\AndroidManifest.xml:13:9-57
activity#com.example.infogestion.MainActivity
ADDED from src\main\AndroidManifest.xml:16:9-34:20
	android:launchMode
		ADDED from src\main\AndroidManifest.xml:18:13-43
	android:hardwareAccelerated
		ADDED from src\main\AndroidManifest.xml:21:13-47
	android:windowSoftInputMode
		ADDED from src\main\AndroidManifest.xml:22:13-55
	android:configChanges
		ADDED from src\main\AndroidManifest.xml:20:13-144
	android:theme
		ADDED from src\main\AndroidManifest.xml:19:13-47
	android:name
		ADDED from src\main\AndroidManifest.xml:17:13-41
meta-data#io.flutter.app.android.SplashScreenUntilFirstFrame
ADDED from src\main\AndroidManifest.xml:27:13-29:40
	android:value
		ADDED from src\main\AndroidManifest.xml:29:17-37
	android:name
		ADDED from src\main\AndroidManifest.xml:28:17-82
intent-filter#action:name:android.intent.action.MAIN+category:name:android.intent.category.LAUNCHER
ADDED from src\main\AndroidManifest.xml:30:13-33:29
action#android.intent.action.MAIN
ADDED from src\main\AndroidManifest.xml:31:17-68
	android:name
		ADDED from src\main\AndroidManifest.xml:31:25-66
category#android.intent.category.LAUNCHER
ADDED from src\main\AndroidManifest.xml:32:17-76
	android:name
		ADDED from src\main\AndroidManifest.xml:32:27-74
uses-sdk
INJECTED from src\main\AndroidManifest.xml reason: use-sdk injection requested
INJECTED from src\main\AndroidManifest.xml
INJECTED from src\main\AndroidManifest.xml
MERGED from [:flutter_downloader] AndroidManifest.xml:5:5-44
MERGED from [:flutter_downloader] AndroidManifest.xml:5:5-44
MERGED from [:permission_handler] AndroidManifest.xml:5:5-44
MERGED from [:permission_handler] AndroidManifest.xml:5:5-44
MERGED from [:path_provider] AndroidManifest.xml:5:5-44
MERGED from [:path_provider] AndroidManifest.xml:5:5-44
MERGED from [:flutter_pdfview] AndroidManifest.xml:5:5-44
MERGED from [:flutter_pdfview] AndroidManifest.xml:5:5-44
MERGED from [androidx.work:work-runtime:2.1.0] AndroidManifest.xml:21:5-23:41
MERGED from [androidx.work:work-runtime:2.1.0] AndroidManifest.xml:21:5-23:41
MERGED from [com.github.barteksc:android-pdf-viewer:3.1.0-beta.1] AndroidManifest.xml:7:5-9:41
MERGED from [com.github.barteksc:android-pdf-viewer:3.1.0-beta.1] AndroidManifest.xml:7:5-9:41
MERGED from [com.github.barteksc:pdfium-android:1.9.0] AndroidManifest.xml:7:5-9:41
MERGED from [com.github.barteksc:pdfium-android:1.9.0] AndroidManifest.xml:7:5-9:41
MERGED from [androidx.legacy:legacy-support-v4:1.0.0-rc01] AndroidManifest.xml:20:5-44
MERGED from [androidx.legacy:legacy-support-v4:1.0.0-rc01] AndroidManifest.xml:20:5-44
MERGED from [androidx.fragment:fragment:1.1.0] AndroidManifest.xml:20:5-22:41
MERGED from [androidx.fragment:fragment:1.1.0] AndroidManifest.xml:20:5-22:41
MERGED from [androidx.room:room-runtime:2.1.0] AndroidManifest.xml:20:5-22:41
MERGED from [androidx.room:room-runtime:2.1.0] AndroidManifest.xml:20:5-22:41
MERGED from [androidx.legacy:legacy-support-core-ui:1.0.0-rc01] AndroidManifest.xml:20:5-44
MERGED from [androidx.legacy:legacy-support-core-ui:1.0.0-rc01] AndroidManifest.xml:20:5-44
MERGED from [androidx.viewpager:viewpager:1.0.0] AndroidManifest.xml:20:5-44
MERGED from [androidx.viewpager:viewpager:1.0.0] AndroidManifest.xml:20:5-44
MERGED from [androidx.legacy:legacy-support-core-utils:1.0.0-rc01] AndroidManifest.xml:20:5-44
MERGED from [androidx.legacy:legacy-support-core-utils:1.0.0-rc01] AndroidManifest.xml:20:5-44
MERGED from [androidx.loader:loader:1.0.0] AndroidManifest.xml:20:5-44
MERGED from [androidx.loader:loader:1.0.0] AndroidManifest.xml:20:5-44
MERGED from [androidx.activity:activity:1.0.0] AndroidManifest.xml:20:5-22:41
MERGED from [androidx.activity:activity:1.0.0] AndroidManifest.xml:20:5-22:41
MERGED from [androidx.coordinatorlayout:coordinatorlayout:1.0.0-rc01] AndroidManifest.xml:20:5-44
MERGED from [androidx.coordinatorlayout:coordinatorlayout:1.0.0-rc01] AndroidManifest.xml:20:5-44
MERGED from [androidx.drawerlayout:drawerlayout:1.0.0-rc01] AndroidManifest.xml:20:5-44
MERGED from [androidx.drawerlayout:drawerlayout:1.0.0-rc01] AndroidManifest.xml:20:5-44
MERGED from [androidx.slidingpanelayout:slidingpanelayout:1.0.0-rc01] AndroidManifest.xml:20:5-44
MERGED from [androidx.slidingpanelayout:slidingpanelayout:1.0.0-rc01] AndroidManifest.xml:20:5-44
MERGED from [androidx.customview:customview:1.0.0] AndroidManifest.xml:20:5-44
MERGED from [androidx.customview:customview:1.0.0] AndroidManifest.xml:20:5-44
MERGED from [androidx.media:media:1.0.0-rc01] AndroidManifest.xml:20:5-44
MERGED from [androidx.media:media:1.0.0-rc01] AndroidManifest.xml:20:5-44
MERGED from [androidx.swiperefreshlayout:swiperefreshlayout:1.0.0-rc01] AndroidManifest.xml:20:5-44
MERGED from [androidx.swiperefreshlayout:swiperefreshlayout:1.0.0-rc01] AndroidManifest.xml:20:5-44
MERGED from [androidx.asynclayoutinflater:asynclayoutinflater:1.0.0-rc01] AndroidManifest.xml:20:5-44
MERGED from [androidx.asynclayoutinflater:asynclayoutinflater:1.0.0-rc01] AndroidManifest.xml:20:5-44
MERGED from [androidx.core:core:1.1.0] AndroidManifest.xml:20:5-22:41
MERGED from [androidx.core:core:1.1.0] AndroidManifest.xml:20:5-22:41
MERGED from [androidx.localbroadcastmanager:localbroadcastmanager:1.0.0] AndroidManifest.xml:20:5-44
MERGED from [androidx.localbroadcastmanager:localbroadcastmanager:1.0.0] AndroidManifest.xml:20:5-44
MERGED from [androidx.versionedparcelable:versionedparcelable:1.1.0] AndroidManifest.xml:20:5-22:41
MERGED from [androidx.versionedparcelable:versionedparcelable:1.1.0] AndroidManifest.xml:20:5-22:41
MERGED from [androidx.lifecycle:lifecycle-livedata:2.0.0] AndroidManifest.xml:20:5-44
MERGED from [androidx.lifecycle:lifecycle-livedata:2.0.0] AndroidManifest.xml:20:5-44
MERGED from [androidx.lifecycle:lifecycle-livedata-core:2.0.0] AndroidManifest.xml:20:5-44
MERGED from [androidx.lifecycle:lifecycle-livedata-core:2.0.0] AndroidManifest.xml:20:5-44
MERGED from [androidx.arch.core:core-runtime:2.0.1] AndroidManifest.xml:20:5-44
MERGED from [androidx.arch.core:core-runtime:2.0.1] AndroidManifest.xml:20:5-44
MERGED from [androidx.sqlite:sqlite-framework:2.0.1] AndroidManifest.xml:20:5-44
MERGED from [androidx.sqlite:sqlite-framework:2.0.1] AndroidManifest.xml:20:5-44
MERGED from [androidx.sqlite:sqlite:2.0.1] AndroidManifest.xml:20:5-44
MERGED from [androidx.sqlite:sqlite:2.0.1] AndroidManifest.xml:20:5-44
MERGED from [androidx.lifecycle:lifecycle-service:2.0.0] AndroidManifest.xml:20:5-44
MERGED from [androidx.lifecycle:lifecycle-service:2.0.0] AndroidManifest.xml:20:5-44
MERGED from [androidx.lifecycle:lifecycle-runtime:2.1.0] AndroidManifest.xml:20:5-44
MERGED from [androidx.lifecycle:lifecycle-runtime:2.1.0] AndroidManifest.xml:20:5-44
MERGED from [androidx.lifecycle:lifecycle-viewmodel:2.1.0] AndroidManifest.xml:20:5-44
MERGED from [androidx.lifecycle:lifecycle-viewmodel:2.1.0] AndroidManifest.xml:20:5-44
MERGED from [androidx.savedstate:savedstate:1.0.0] AndroidManifest.xml:20:5-22:41
MERGED from [androidx.savedstate:savedstate:1.0.0] AndroidManifest.xml:20:5-22:41
MERGED from [androidx.documentfile:documentfile:1.0.0-rc01] AndroidManifest.xml:20:5-44
MERGED from [androidx.documentfile:documentfile:1.0.0-rc01] AndroidManifest.xml:20:5-44
MERGED from [androidx.print:print:1.0.0-rc01] AndroidManifest.xml:20:5-44
MERGED from [androidx.print:print:1.0.0-rc01] AndroidManifest.xml:20:5-44
MERGED from [androidx.interpolator:interpolator:1.0.0-rc01] AndroidManifest.xml:20:5-44
MERGED from [androidx.interpolator:interpolator:1.0.0-rc01] AndroidManifest.xml:20:5-44
MERGED from [androidx.cursoradapter:cursoradapter:1.0.0-rc01] AndroidManifest.xml:20:5-44
MERGED from [androidx.cursoradapter:cursoradapter:1.0.0-rc01] AndroidManifest.xml:20:5-44
INJECTED from src\main\AndroidManifest.xml
INJECTED from src\main\AndroidManifest.xml
	android:targetSdkVersion
		INJECTED from src\main\AndroidManifest.xml
		ADDED from src\main\AndroidManifest.xml
		INJECTED from src\main\AndroidManifest.xml
	android:minSdkVersion
		INJECTED from src\main\AndroidManifest.xml
		ADDED from src\main\AndroidManifest.xml
		INJECTED from src\main\AndroidManifest.xml
meta-data#android.support.FILE_PROVIDER_PATHS
ADDED from src\main\AndroidManifest.xml:40:13-42:57
	android:resource
		ADDED from src\main\AndroidManifest.xml:42:17-55
	android:name
		ADDED from src\main\AndroidManifest.xml:41:17-67
meta-data#vn.hunghd.flutterdownloader.MAX_CONCURRENT_TASKS
ADDED from src\main\AndroidManifest.xml:54:13-56:37
	android:value
		ADDED from src\main\AndroidManifest.xml:56:17-34
	android:name
		ADDED from src\main\AndroidManifest.xml:55:17-80
uses-permission#android.permission.WAKE_LOCK
ADDED from [androidx.work:work-runtime:2.1.0] AndroidManifest.xml:25:5-68
	android:name
		ADDED from [androidx.work:work-runtime:2.1.0] AndroidManifest.xml:25:22-65
uses-permission#android.permission.ACCESS_NETWORK_STATE
ADDED from [androidx.work:work-runtime:2.1.0] AndroidManifest.xml:26:5-79
	android:name
		ADDED from [androidx.work:work-runtime:2.1.0] AndroidManifest.xml:26:22-76
uses-permission#android.permission.RECEIVE_BOOT_COMPLETED
ADDED from [androidx.work:work-runtime:2.1.0] AndroidManifest.xml:27:5-81
	android:name
		ADDED from [androidx.work:work-runtime:2.1.0] AndroidManifest.xml:27:22-78
service#androidx.work.impl.background.systemalarm.SystemAlarmService
ADDED from [androidx.work:work-runtime:2.1.0] AndroidManifest.xml:38:9-43:35
	android:enabled
		ADDED from [androidx.work:work-runtime:2.1.0] AndroidManifest.xml:41:13-72
	android:exported
		ADDED from [androidx.work:work-runtime:2.1.0] AndroidManifest.xml:42:13-37
	tools:targetApi
		ADDED from [androidx.work:work-runtime:2.1.0] AndroidManifest.xml:43:13-32
	android:directBootAware
		ADDED from [androidx.work:work-runtime:2.1.0] AndroidManifest.xml:40:13-44
	android:name
		ADDED from [androidx.work:work-runtime:2.1.0] AndroidManifest.xml:39:13-88
service#androidx.work.impl.background.systemjob.SystemJobService
ADDED from [androidx.work:work-runtime:2.1.0] AndroidManifest.xml:44:9-50:35
	android:enabled
		ADDED from [androidx.work:work-runtime:2.1.0] AndroidManifest.xml:47:13-70
	android:exported
		ADDED from [androidx.work:work-runtime:2.1.0] AndroidManifest.xml:48:13-36
	android:permission
		ADDED from [androidx.work:work-runtime:2.1.0] AndroidManifest.xml:49:13-69
	tools:targetApi
		ADDED from [androidx.work:work-runtime:2.1.0] AndroidManifest.xml:50:13-32
	android:directBootAware
		ADDED from [androidx.work:work-runtime:2.1.0] AndroidManifest.xml:46:13-44
	android:name
		ADDED from [androidx.work:work-runtime:2.1.0] AndroidManifest.xml:45:13-84
receiver#androidx.work.impl.utils.ForceStopRunnable$BroadcastReceiver
ADDED from [androidx.work:work-runtime:2.1.0] AndroidManifest.xml:52:9-57:35
	android:enabled
		ADDED from [androidx.work:work-runtime:2.1.0] AndroidManifest.xml:55:13-35
	android:exported
		ADDED from [androidx.work:work-runtime:2.1.0] AndroidManifest.xml:56:13-37
	tools:targetApi
		ADDED from [androidx.work:work-runtime:2.1.0] AndroidManifest.xml:57:13-32
	android:directBootAware
		ADDED from [androidx.work:work-runtime:2.1.0] AndroidManifest.xml:54:13-44
	android:name
		ADDED from [androidx.work:work-runtime:2.1.0] AndroidManifest.xml:53:13-88
receiver#androidx.work.impl.background.systemalarm.ConstraintProxy$BatteryChargingProxy
ADDED from [androidx.work:work-runtime:2.1.0] AndroidManifest.xml:58:9-68:20
	android:enabled
		ADDED from [androidx.work:work-runtime:2.1.0] AndroidManifest.xml:61:13-36
	android:exported
		ADDED from [androidx.work:work-runtime:2.1.0] AndroidManifest.xml:62:13-37
	tools:targetApi
		ADDED from [androidx.work:work-runtime:2.1.0] AndroidManifest.xml:63:13-32
	android:directBootAware
		ADDED from [androidx.work:work-runtime:2.1.0] AndroidManifest.xml:60:13-44
	android:name
		ADDED from [androidx.work:work-runtime:2.1.0] AndroidManifest.xml:59:13-106
intent-filter#action:name:android.intent.action.ACTION_POWER_CONNECTED+action:name:android.intent.action.ACTION_POWER_DISCONNECTED
ADDED from [androidx.work:work-runtime:2.1.0] AndroidManifest.xml:64:13-67:29
action#android.intent.action.ACTION_POWER_CONNECTED
ADDED from [androidx.work:work-runtime:2.1.0] AndroidManifest.xml:65:17-87
	android:name
		ADDED from [androidx.work:work-runtime:2.1.0] AndroidManifest.xml:65:25-84
action#android.intent.action.ACTION_POWER_DISCONNECTED
ADDED from [androidx.work:work-runtime:2.1.0] AndroidManifest.xml:66:17-90
	android:name
		ADDED from [androidx.work:work-runtime:2.1.0] AndroidManifest.xml:66:25-87
receiver#androidx.work.impl.background.systemalarm.ConstraintProxy$BatteryNotLowProxy
ADDED from [androidx.work:work-runtime:2.1.0] AndroidManifest.xml:69:9-79:20
	android:enabled
		ADDED from [androidx.work:work-runtime:2.1.0] AndroidManifest.xml:72:13-36
	android:exported
		ADDED from [androidx.work:work-runtime:2.1.0] AndroidManifest.xml:73:13-37
	tools:targetApi
		ADDED from [androidx.work:work-runtime:2.1.0] AndroidManifest.xml:74:13-32
	android:directBootAware
		ADDED from [androidx.work:work-runtime:2.1.0] AndroidManifest.xml:71:13-44
	android:name
		ADDED from [androidx.work:work-runtime:2.1.0] AndroidManifest.xml:70:13-104
intent-filter#action:name:android.intent.action.BATTERY_LOW+action:name:android.intent.action.BATTERY_OKAY
ADDED from [androidx.work:work-runtime:2.1.0] AndroidManifest.xml:75:13-78:29
action#android.intent.action.BATTERY_OKAY
ADDED from [androidx.work:work-runtime:2.1.0] AndroidManifest.xml:76:17-77
	android:name
		ADDED from [androidx.work:work-runtime:2.1.0] AndroidManifest.xml:76:25-74
action#android.intent.action.BATTERY_LOW
ADDED from [androidx.work:work-runtime:2.1.0] AndroidManifest.xml:77:17-76
	android:name
		ADDED from [androidx.work:work-runtime:2.1.0] AndroidManifest.xml:77:25-73
receiver#androidx.work.impl.background.systemalarm.ConstraintProxy$StorageNotLowProxy
ADDED from [androidx.work:work-runtime:2.1.0] AndroidManifest.xml:80:9-90:20
	android:enabled
		ADDED from [androidx.work:work-runtime:2.1.0] AndroidManifest.xml:83:13-36
	android:exported
		ADDED from [androidx.work:work-runtime:2.1.0] AndroidManifest.xml:84:13-37
	tools:targetApi
		ADDED from [androidx.work:work-runtime:2.1.0] AndroidManifest.xml:85:13-32
	android:directBootAware
		ADDED from [androidx.work:work-runtime:2.1.0] AndroidManifest.xml:82:13-44
	android:name
		ADDED from [androidx.work:work-runtime:2.1.0] AndroidManifest.xml:81:13-104
intent-filter#action:name:android.intent.action.DEVICE_STORAGE_LOW+action:name:android.intent.action.DEVICE_STORAGE_OK
ADDED from [androidx.work:work-runtime:2.1.0] AndroidManifest.xml:86:13-89:29
action#android.intent.action.DEVICE_STORAGE_LOW
ADDED from [androidx.work:work-runtime:2.1.0] AndroidManifest.xml:87:17-83
	android:name
		ADDED from [androidx.work:work-runtime:2.1.0] AndroidManifest.xml:87:25-80
action#android.intent.action.DEVICE_STORAGE_OK
ADDED from [androidx.work:work-runtime:2.1.0] AndroidManifest.xml:88:17-82
	android:name
		ADDED from [androidx.work:work-runtime:2.1.0] AndroidManifest.xml:88:25-79
receiver#androidx.work.impl.background.systemalarm.ConstraintProxy$NetworkStateProxy
ADDED from [androidx.work:work-runtime:2.1.0] AndroidManifest.xml:91:9-100:20
	android:enabled
		ADDED from [androidx.work:work-runtime:2.1.0] AndroidManifest.xml:94:13-36
	android:exported
		ADDED from [androidx.work:work-runtime:2.1.0] AndroidManifest.xml:95:13-37
	tools:targetApi
		ADDED from [androidx.work:work-runtime:2.1.0] AndroidManifest.xml:96:13-32
	android:directBootAware
		ADDED from [androidx.work:work-runtime:2.1.0] AndroidManifest.xml:93:13-44
	android:name
		ADDED from [androidx.work:work-runtime:2.1.0] AndroidManifest.xml:92:13-103
intent-filter#action:name:android.net.conn.CONNECTIVITY_CHANGE
ADDED from [androidx.work:work-runtime:2.1.0] AndroidManifest.xml:97:13-99:29
action#android.net.conn.CONNECTIVITY_CHANGE
ADDED from [androidx.work:work-runtime:2.1.0] AndroidManifest.xml:98:17-79
	android:name
		ADDED from [androidx.work:work-runtime:2.1.0] AndroidManifest.xml:98:25-76
receiver#androidx.work.impl.background.systemalarm.RescheduleReceiver
ADDED from [androidx.work:work-runtime:2.1.0] AndroidManifest.xml:101:9-112:20
	android:enabled
		ADDED from [androidx.work:work-runtime:2.1.0] AndroidManifest.xml:104:13-36
	android:exported
		ADDED from [androidx.work:work-runtime:2.1.0] AndroidManifest.xml:105:13-37
	tools:targetApi
		ADDED from [androidx.work:work-runtime:2.1.0] AndroidManifest.xml:106:13-32
	android:directBootAware
		ADDED from [androidx.work:work-runtime:2.1.0] AndroidManifest.xml:103:13-44
	android:name
		ADDED from [androidx.work:work-runtime:2.1.0] AndroidManifest.xml:102:13-88
intent-filter#action:name:android.intent.action.BOOT_COMPLETED+action:name:android.intent.action.TIMEZONE_CHANGED+action:name:android.intent.action.TIME_SET
ADDED from [androidx.work:work-runtime:2.1.0] AndroidManifest.xml:107:13-111:29
action#android.intent.action.BOOT_COMPLETED
ADDED from [androidx.work:work-runtime:2.1.0] AndroidManifest.xml:108:17-79
	android:name
		ADDED from [androidx.work:work-runtime:2.1.0] AndroidManifest.xml:108:25-76
action#android.intent.action.TIME_SET
ADDED from [androidx.work:work-runtime:2.1.0] AndroidManifest.xml:109:17-73
	android:name
		ADDED from [androidx.work:work-runtime:2.1.0] AndroidManifest.xml:109:25-70
action#android.intent.action.TIMEZONE_CHANGED
ADDED from [androidx.work:work-runtime:2.1.0] AndroidManifest.xml:110:17-81
	android:name
		ADDED from [androidx.work:work-runtime:2.1.0] AndroidManifest.xml:110:25-78
receiver#androidx.work.impl.background.systemalarm.ConstraintProxyUpdateReceiver
ADDED from [androidx.work:work-runtime:2.1.0] AndroidManifest.xml:113:9-122:20
	android:enabled
		ADDED from [androidx.work:work-runtime:2.1.0] AndroidManifest.xml:116:13-72
	android:exported
		ADDED from [androidx.work:work-runtime:2.1.0] AndroidManifest.xml:117:13-37
	tools:targetApi
		ADDED from [androidx.work:work-runtime:2.1.0] AndroidManifest.xml:118:13-32
	android:directBootAware
		ADDED from [androidx.work:work-runtime:2.1.0] AndroidManifest.xml:115:13-44
	android:name
		ADDED from [androidx.work:work-runtime:2.1.0] AndroidManifest.xml:114:13-99
intent-filter#action:name:androidx.work.impl.background.systemalarm.UpdateProxies
ADDED from [androidx.work:work-runtime:2.1.0] AndroidManifest.xml:119:13-121:29
action#androidx.work.impl.background.systemalarm.UpdateProxies
ADDED from [androidx.work:work-runtime:2.1.0] AndroidManifest.xml:120:17-98
	android:name
		ADDED from [androidx.work:work-runtime:2.1.0] AndroidManifest.xml:120:25-95
service#androidx.room.MultiInstanceInvalidationService
ADDED from [androidx.room:room-runtime:2.1.0] AndroidManifest.xml:25:9-27:40
	android:exported
		ADDED from [androidx.room:room-runtime:2.1.0] AndroidManifest.xml:27:13-37
	android:name
		ADDED from [androidx.room:room-runtime:2.1.0] AndroidManifest.xml:26:13-74